10.01.2021 08:28:14 INFO [[Hello]]
10.01.2021 08:28:14 ERROR [[Hello]]
10.01.2021 08:28:14 FATAL [[Hello]]
10.01.2021 09:17:48 INFO [[Hello]]
10.01.2021 09:17:48 ERROR [[Hello]]
10.01.2021 09:17:48 FATAL [[Hello]]
10.01.2021 09:20:25 INFO [[Hello]]
10.01.2021 09:20:25 ERROR [[Hello]]
10.01.2021 09:20:25 FATAL [[Hello]]
10.01.2021 09:20:36 INFO [[Hello]]
10.01.2021 09:20:36 ERROR [[Hello]]
10.01.2021 09:20:36 INFO [[Hello]]
10.01.2021 09:20:36 ERROR [[Hello]]
10.01.2021 09:20:36 INFO [[Hello]]
10.01.2021 09:20:36 ERROR [[Hello]]
10.01.2021 09:20:36 FATAL [[Hello]]
10.01.2021 09:20:45 INFO [[Hello]]
10.01.2021 09:20:45 INFO [[Hello]]
10.01.2021 09:20:45 INFO [[Hello]]
10.01.2021 09:20:45 ERROR [[Hello]]
10.01.2021 09:20:45 ERROR [[Hello]]
10.01.2021 09:20:45 ERROR [[Hello]]
10.01.2021 09:20:45 FATAL [[Hello]]
10.01.2021 09:21:30 INFO []interface {}{[]interface {}{"Hello"}}
10.01.2021 09:21:30 INFO []interface {}{[]interface {}{"Hello"}}
10.01.2021 09:21:30 INFO []interface {}{[]interface {}{"Hello"}}
10.01.2021 09:21:30 ERROR []interface {}{[]interface {}{"Hello"}}
10.01.2021 09:21:30 ERROR []interface {}{[]interface {}{"Hello"}}
10.01.2021 09:21:30 ERROR []interface {}{[]interface {}{"Hello"}}
10.01.2021 09:21:30 FATAL []interface {}{[]interface {}{"Hello"}}
10.01.2021 09:21:53 INFO [[Hello]]
10.01.2021 09:21:53 INFO [[Hello]]
10.01.2021 09:21:53 INFO [[Hello]]
10.01.2021 09:21:53 ERROR [[Hello]]
10.01.2021 09:21:53 ERROR [[Hello]]
10.01.2021 09:21:53 ERROR [[Hello]]
10.01.2021 09:21:53 FATAL [[Hello]]
10.01.2021 09:22:12 INFO [[Hello]]
10.01.2021 09:22:12 INFO [[Hello]]
10.01.2021 09:22:12 INFO [[Hello]]
10.01.2021 09:22:12 ERROR [[true]]
10.01.2021 09:22:13 ERROR [[Hello]]
10.01.2021 09:22:13 ERROR [[Hello]]
10.01.2021 09:22:13 FATAL [[Hello]]
